11-29 16:15:48 com_github_MitjaNemec_PlaceFootprints.action_place_footprints 674:Plugin executed on: 'win32'
11-29 16:15:48 com_github_MitjaNemec_PlaceFootprints.action_place_footprints 675:Plugin executed with python version: '3.11.5 (main, Sep 17 2025, 01:04:48) [MSC v.1944 64 bit (AMD64)]'
11-29 16:15:48 com_github_MitjaNemec_PlaceFootprints.action_place_footprints 676:KiCad build version: 9.0.6
11-29 16:15:48 com_github_MitjaNemec_PlaceFootprints.action_place_footprints 677:Plugin version: 4.0.1
11-29 16:15:48 com_github_MitjaNemec_PlaceFootprints.action_place_footprints 678:Frame repr: <wx._core.Frame object at 0x000001EC257B0040>
11-29 16:15:48 com_github_MitjaNemec_PlaceFootprints.place_footprints 121:getting a list of all footprints on board
11-29 16:15:48 com_github_MitjaNemec_PlaceFootprints.place_footprints 156:Footprint J12 on root level
11-29 16:15:48 com_github_MitjaNemec_PlaceFootprints.place_footprints 156:Footprint J11 on root level
11-29 16:15:48 com_github_MitjaNemec_PlaceFootprints.place_footprints 156:Footprint J10 on root level
11-29 16:15:48 com_github_MitjaNemec_PlaceFootprints.place_footprints 156:Footprint J9 on root level
11-29 16:15:48 com_github_MitjaNemec_PlaceFootprints.place_footprints 156:Footprint U1 on root level
11-29 16:15:48 com_github_MitjaNemec_PlaceFootprints.place_footprints 156:Footprint SW1 on root level
11-29 16:15:48 com_github_MitjaNemec_PlaceFootprints.place_footprints 156:Footprint R5 on root level
11-29 16:15:48 com_github_MitjaNemec_PlaceFootprints.place_footprints 156:Footprint R7 on root level
11-29 16:15:48 com_github_MitjaNemec_PlaceFootprints.place_footprints 156:Footprint J2 on root level
11-29 16:15:48 com_github_MitjaNemec_PlaceFootprints.place_footprints 156:Footprint TP6 on root level
11-29 16:15:48 com_github_MitjaNemec_PlaceFootprints.place_footprints 156:Footprint C52 on root level
11-29 16:15:48 com_github_MitjaNemec_PlaceFootprints.place_footprints 156:Footprint R4 on root level
11-29 16:15:48 com_github_MitjaNemec_PlaceFootprints.place_footprints 156:Footprint R1 on root level
11-29 16:15:48 com_github_MitjaNemec_PlaceFootprints.place_footprints 156:Footprint SW2 on root level
11-29 16:15:48 com_github_MitjaNemec_PlaceFootprints.place_footprints 156:Footprint U4 on root level
11-29 16:15:48 com_github_MitjaNemec_PlaceFootprints.place_footprints 156:Footprint R2 on root level
11-29 16:15:48 com_github_MitjaNemec_PlaceFootprints.place_footprints 156:Footprint TP4 on root level
11-29 16:15:48 com_github_MitjaNemec_PlaceFootprints.place_footprints 156:Footprint C2 on root level
11-29 16:15:48 com_github_MitjaNemec_PlaceFootprints.place_footprints 156:Footprint C1 on root level
11-29 16:15:48 com_github_MitjaNemec_PlaceFootprints.place_footprints 156:Footprint TP5 on root level
11-29 16:15:48 com_github_MitjaNemec_PlaceFootprints.place_footprints 156:Footprint TP7 on root level
11-29 16:15:48 com_github_MitjaNemec_PlaceFootprints.place_footprints 156:Footprint TP3 on root level
11-29 16:15:48 com_github_MitjaNemec_PlaceFootprints.place_footprints 156:Footprint C51 on root level
11-29 16:15:48 com_github_MitjaNemec_PlaceFootprints.place_footprints 156:Footprint R20 on root level
11-29 16:15:48 com_github_MitjaNemec_PlaceFootprints.place_footprints 156:Footprint C53 on root level
11-29 16:15:48 com_github_MitjaNemec_PlaceFootprints.place_footprints 156:Footprint R3 on root level
11-29 16:15:48 com_github_MitjaNemec_PlaceFootprints.place_footprints 156:Footprint TP1 on root level
11-29 16:15:48 com_github_MitjaNemec_PlaceFootprints.place_footprints 156:Footprint TP2 on root level
11-29 16:15:48 com_github_MitjaNemec_PlaceFootprints.place_footprints 156:Footprint R6 on root level
11-29 16:15:48 com_github_MitjaNemec_PlaceFootprints.place_footprints 156:Footprint U3 on root level
11-29 16:15:48 com_github_MitjaNemec_PlaceFootprints.place_footprints 156:Footprint C3 on root level
11-29 16:15:48 com_github_MitjaNemec_PlaceFootprints.place_footprints 156:Footprint R21 on root level
11-29 16:15:48 com_github_MitjaNemec_PlaceFootprints.action_place_footprints 717:Reference footprint='C45'
11-29 16:15:49 com_github_MitjaNemec_PlaceFootprints.action_place_footprints 858:Reference designator is: C
11-29 16:15:49 com_github_MitjaNemec_PlaceFootprints.action_place_footprints 859:Reference number is: 45
11-29 16:15:49 com_github_MitjaNemec_PlaceFootprints.action_place_footprints 891:Sorted and filtered list:
['C1', 'C2', 'C3', 'C4', 'C5', 'C6', 'C7', 'C8', 'C9', 'C10', 'C11', 'C12', 'C13', 'C14', 'C15', 'C16', 'C17', 'C18', 'C19', 'C20', 'C21', 'C22', 'C23', 'C24', 'C25', 'C26', 'C27', 'C28', 'C29', 'C30', 'C31', 'C32', 'C33', 'C34', 'C35', 'C36', 'C37', 'C38', 'C39', 'C40', 'C41', 'C42', 'C43', 'C44', 'C45', 'C46', 'C47', 'C48', 'C49', 'C50', 'C51', 'C52', 'C53', 'C54', 'C55', 'C56', 'C57', 'C58', 'C59', 'C60', 'C61', 'C62', 'C63', 'C64']
11-29 16:15:49 com_github_MitjaNemec_PlaceFootprints.action_place_footprints 376:wx.Colour(240, 240, 240, 255)
11-29 16:16:28 com_github_MitjaNemec_PlaceFootprints.action_place_footprints 507:'10'
11-29 16:16:28 com_github_MitjaNemec_PlaceFootprints.action_place_footprints 559:Preparing config for reference circular
11-29 16:16:28 com_github_MitjaNemec_PlaceFootprints.action_place_footprints 573:Saving config file
11-29 16:16:28 com_github_MitjaNemec_PlaceFootprints.action_place_footprints 575:Saved the config file
11-29 16:16:28 com_github_MitjaNemec_PlaceFootprints.action_place_footprints 929:Footprints to place:
['C39', 'C40', 'C41', 'C42', 'C43', 'C44', 'C45', 'C46', 'C47', 'C48', 'C49', 'C50']
11-29 16:16:28 com_github_MitjaNemec_PlaceFootprints.place_footprints 359:Starting placing with circular layout
11-29 16:16:28 com_github_MitjaNemec_PlaceFootprints.place_footprints 369:reference footprint position at: VECTOR2I(256960000, 97380000)
11-29 16:16:28 com_github_MitjaNemec_PlaceFootprints.place_footprints 374:rotation center at: (256960000, 107380000.0)
11-29 16:16:28 com_github_MitjaNemec_PlaceFootprints.place_footprints 506:Text of: C45 has property "Keep upright" rotation might not look as intended
11-29 16:16:28 com_github_MitjaNemec_PlaceFootprints.place_footprints 506:Text of: C45 has property "Keep upright" rotation might not look as intended
11-29 16:16:28 com_github_MitjaNemec_PlaceFootprints.place_footprints 506:Text of: C45 has property "Keep upright" rotation might not look as intended
11-29 16:16:28 com_github_MitjaNemec_PlaceFootprints.place_footprints 506:Text of: C45 has property "Keep upright" rotation might not look as intended
11-29 16:16:28 com_github_MitjaNemec_PlaceFootprints.place_footprints 506:Text of: C45 has property "Keep upright" rotation might not look as intended
11-29 16:16:28 com_github_MitjaNemec_PlaceFootprints.place_footprints 506:Text of: C45 has property "Keep upright" rotation might not look as intended
11-29 16:16:28 com_github_MitjaNemec_PlaceFootprints.place_footprints 506:Text of: C45 has property "Keep upright" rotation might not look as intended
11-29 16:16:28 com_github_MitjaNemec_PlaceFootprints.place_footprints 506:Text of: C45 has property "Keep upright" rotation might not look as intended
11-29 16:16:28 com_github_MitjaNemec_PlaceFootprints.place_footprints 506:Text of: C45 has property "Keep upright" rotation might not look as intended
11-29 16:16:28 com_github_MitjaNemec_PlaceFootprints.place_footprints 506:Text of: C45 has property "Keep upright" rotation might not look as intended
11-29 16:16:28 com_github_MitjaNemec_PlaceFootprints.place_footprints 506:Text of: C45 has property "Keep upright" rotation might not look as intended
11-29 16:16:28 com_github_MitjaNemec_PlaceFootprints.place_footprints 506:Text of: C45 has property "Keep upright" rotation might not look as intended
11-29 16:16:28 com_github_MitjaNemec_PlaceFootprints.place_footprints 506:Text of: C45 has property "Keep upright" rotation might not look as intended
11-29 16:16:28 com_github_MitjaNemec_PlaceFootprints.place_footprints 506:Text of: C45 has property "Keep upright" rotation might not look as intended
11-29 16:16:28 com_github_MitjaNemec_PlaceFootprints.place_footprints 506:Text of: C45 has property "Keep upright" rotation might not look as intended
11-29 16:16:28 com_github_MitjaNemec_PlaceFootprints.place_footprints 506:Text of: C45 has property "Keep upright" rotation might not look as intended
11-29 16:16:28 com_github_MitjaNemec_PlaceFootprints.place_footprints 506:Text of: C45 has property "Keep upright" rotation might not look as intended
11-29 16:16:28 com_github_MitjaNemec_PlaceFootprints.place_footprints 506:Text of: C45 has property "Keep upright" rotation might not look as intended
11-29 16:16:28 com_github_MitjaNemec_PlaceFootprints.place_footprints 506:Text of: C45 has property "Keep upright" rotation might not look as intended
11-29 16:16:28 com_github_MitjaNemec_PlaceFootprints.place_footprints 506:Text of: C45 has property "Keep upright" rotation might not look as intended
11-29 16:16:28 com_github_MitjaNemec_PlaceFootprints.place_footprints 506:Text of: C45 has property "Keep upright" rotation might not look as intended
11-29 16:16:28 com_github_MitjaNemec_PlaceFootprints.place_footprints 506:Text of: C45 has property "Keep upright" rotation might not look as intended
11-29 16:16:28 com_github_MitjaNemec_PlaceFootprints.place_footprints 506:Text of: C45 has property "Keep upright" rotation might not look as intended
11-29 16:16:28 com_github_MitjaNemec_PlaceFootprints.place_footprints 506:Text of: C45 has property "Keep upright" rotation might not look as intended
11-29 16:16:28 com_github_MitjaNemec_PlaceFootprints.place_footprints 506:Text of: C45 has property "Keep upright" rotation might not look as intended
11-29 16:16:28 com_github_MitjaNemec_PlaceFootprints.place_footprints 506:Text of: C45 has property "Keep upright" rotation might not look as intended
11-29 16:16:28 com_github_MitjaNemec_PlaceFootprints.place_footprints 506:Text of: C45 has property "Keep upright" rotation might not look as intended
11-29 16:16:28 com_github_MitjaNemec_PlaceFootprints.place_footprints 506:Text of: C45 has property "Keep upright" rotation might not look as intended
11-29 16:16:28 com_github_MitjaNemec_PlaceFootprints.place_footprints 506:Text of: C45 has property "Keep upright" rotation might not look as intended
11-29 16:16:28 com_github_MitjaNemec_PlaceFootprints.place_footprints 506:Text of: C45 has property "Keep upright" rotation might not look as intended
11-29 16:16:28 com_github_MitjaNemec_PlaceFootprints.place_footprints 506:Text of: C45 has property "Keep upright" rotation might not look as intended
11-29 16:16:28 com_github_MitjaNemec_PlaceFootprints.place_footprints 506:Text of: C45 has property "Keep upright" rotation might not look as intended
11-29 16:16:28 com_github_MitjaNemec_PlaceFootprints.place_footprints 506:Text of: C45 has property "Keep upright" rotation might not look as intended
11-29 16:16:28 com_github_MitjaNemec_PlaceFootprints.action_place_footprints 944:Placing complete
